[debug] [2022-01-30T17:50:38.068Z] ----------------------------------------------------------------------
[debug] [2022-01-30T17:50:38.071Z] Command:       D:\Program Files (x86)\nodejs\node.exe C:\Users\feria\AppData\Roaming\npm\node_modules\firebase-tools\lib\bin\firebase.js init
[debug] [2022-01-30T17:50:38.071Z] CLI Version:   10.1.2
[debug] [2022-01-30T17:50:38.071Z] Platform:      win32
[debug] [2022-01-30T17:50:38.072Z] Node Version:  v14.17.0
[debug] [2022-01-30T17:50:38.073Z] Time:          Sun Jan 30 2022 18:50:38 GMT+0100 (Central European Standard Time)
[debug] [2022-01-30T17:50:38.073Z] ----------------------------------------------------------------------
[debug] 
[debug] [2022-01-30T17:50:38.160Z] > command requires scopes: ["email","openid","https://www.googleapis.com/auth/cloudplatformprojects.readonly","https://www.googleapis.com/auth/firebase","https://www.googleapis.com/auth/cloud-platform"]
[debug] [2022-01-30T17:50:38.160Z] > authorizing via signed-in user (ferianimahdi93@gmail.com)
[info] 
     ######## #### ########  ######## ########     ###     ######  ########
     ##        ##  ##     ## ##       ##     ##  ##   ##  ##       ##
     ######    ##  ########  ######   ########  #########  ######  ######
     ##        ##  ##    ##  ##       ##     ## ##     ##       ## ##
     ##       #### ##     ## ######## ########  ##     ##  ######  ########

You're about to initialize a Firebase project in this directory:

  C:\Users\feria\Desktop\react\project\client

Before we get started, keep in mind:

  * You are initializing within an existing Firebase project directory

[info] 
=== Project Setup
[info] 
[info] First, let's associate this project directory with a Firebase project.
[info] You can create multiple project aliases by running firebase use --add, 
[info] but for now we'll just set up a default project.
[info] 
[debug] [2022-01-30T17:50:42.513Z] Using project from CLI flag: adopti-1a7b7
[debug] [2022-01-30T17:50:42.519Z] >>> [apiv2][query] GET https://firebase.googleapis.com/v1beta1/projects/adopti-1a7b7 [none]
[debug] [2022-01-30T17:50:42.910Z] <<< [apiv2][status] GET https://firebase.googleapis.com/v1beta1/projects/adopti-1a7b7 200
[debug] [2022-01-30T17:50:42.910Z] <<< [apiv2][body] GET https://firebase.googleapis.com/v1beta1/projects/adopti-1a7b7 {"projectId":"adopti-1a7b7","projectNumber":"334838706156","displayName":"Adopti","name":"projects/adopti-1a7b7","resources":{"hostingSite":"adopti-1a7b7"},"state":"ACTIVE"}
[info] i  Using project adopti-1a7b7 (Adopti) 
[info] 
=== Hosting Setup
[info] 
[info] Your public directory is the folder (relative to your project directory) that
[info] will contain Hosting assets to be uploaded with firebase deploy. If you
[info] have a build process for your assets, use your build's output directory.
[info] 
[debug] [2022-01-30T17:51:03.483Z] ----------------------------------------------------------------------
[debug] [2022-01-30T17:51:03.486Z] Command:       D:\Program Files (x86)\nodejs\node.exe C:\Users\feria\AppData\Roaming\npm\node_modules\firebase-tools\lib\bin\firebase.js init
[debug] [2022-01-30T17:51:03.486Z] CLI Version:   10.1.2
[debug] [2022-01-30T17:51:03.486Z] Platform:      win32
[debug] [2022-01-30T17:51:03.486Z] Node Version:  v14.17.0
[debug] [2022-01-30T17:51:03.488Z] Time:          Sun Jan 30 2022 18:51:03 GMT+0100 (Central European Standard Time)
[debug] [2022-01-30T17:51:03.488Z] ----------------------------------------------------------------------
[debug] 
[debug] [2022-01-30T17:51:03.574Z] > command requires scopes: ["email","openid","https://www.googleapis.com/auth/cloudplatformprojects.readonly","https://www.googleapis.com/auth/firebase","https://www.googleapis.com/auth/cloud-platform"]
[debug] [2022-01-30T17:51:03.574Z] > authorizing via signed-in user (ferianimahdi93@gmail.com)
[info] 
     ######## #### ########  ######## ########     ###     ######  ########
     ##        ##  ##     ## ##       ##     ##  ##   ##  ##       ##
     ######    ##  ########  ######   ########  #########  ######  ######
     ##        ##  ##    ##  ##       ##     ## ##     ##       ## ##
     ##       #### ##     ## ######## ########  ##     ##  ######  ########

You're about to initialize a Firebase project in this directory:

  C:\Users\feria\Desktop\react\project\client

Before we get started, keep in mind:

  * You are initializing within an existing Firebase project directory

